2012-01-24 16:28:14 [INFO] Starting minecraft server version 1.0.1
2012-01-24 16:28:14 [INFO] Loading properties
2012-01-24 16:28:14 [INFO] Starting Minecraft server on *:25565
2012-01-24 16:28:14 [WARNING] **** SERVER IS RUNNING IN OFFLINE/INSECURE MODE!
2012-01-24 16:28:14 [WARNING] The server will make no attempt to authenticate usernames. Beware.
2012-01-24 16:28:14 [WARNING] While this makes the game possible to play without internet access, it also opens up the ability for hackers to connect with any username they choose.
2012-01-24 16:28:14 [WARNING] To change this, set "online-mode" to "true" in the server.settings file.
2012-01-24 16:28:14 [WARNING] Failed to load ban list: java.io.FileNotFoundException: banned-players.txt (The system cannot find the file specified)
2012-01-24 16:28:14 [WARNING] Failed to load ip ban list: java.io.FileNotFoundException: banned-ips.txt (The system cannot find the file specified)
2012-01-24 16:28:14 [WARNING] Failed to load operators list: java.io.FileNotFoundException: ops.txt (The system cannot find the file specified)
2012-01-24 16:28:14 [WARNING] Failed to load white-list: java.io.FileNotFoundException: white-list.txt (The system cannot find the file specified)
2012-01-24 16:28:14 [INFO] Preparing level "world"
2012-01-24 16:28:14 [INFO] Default game type: 0
2012-01-24 16:28:17 [INFO] Preparing start region for level 0
2012-01-24 16:28:18 [INFO] Preparing spawn area: 8%
2012-01-24 16:28:19 [INFO] Preparing spawn area: 16%
2012-01-24 16:28:20 [INFO] Preparing spawn area: 28%
2012-01-24 16:28:21 [INFO] Preparing spawn area: 40%
2012-01-24 16:28:22 [INFO] Preparing spawn area: 52%
2012-01-24 16:28:23 [INFO] Preparing spawn area: 65%
2012-01-24 16:28:24 [INFO] Preparing spawn area: 77%
2012-01-24 16:28:25 [INFO] Preparing spawn area: 85%
2012-01-24 16:28:26 [INFO] Preparing spawn area: 97%
2012-01-24 16:28:26 [INFO] Done (11993386400ns)! For help, type "help" or "?"
2012-01-24 16:29:04 [INFO] Player335 [/127.0.0.1:56288] logged in with entity id 6132 at (-142.5, 66.62000000476837, 265.5)
2012-01-24 16:30:22 [INFO] Player335 lost connection: disconnect.genericReason
2012-01-24 16:30:36 [INFO] Unknown console command. Type "help" for help.
2012-01-24 16:30:36 [INFO] Unknown console command. Type "help" for help.
2012-01-24 16:37:09 [INFO] Starting minecraft server version 1.0.1
2012-01-24 16:37:09 [INFO] Loading properties
2012-01-24 16:37:09 [INFO] Starting Minecraft server on *:25565
2012-01-24 16:37:10 [WARNING] **** SERVER IS RUNNING IN OFFLINE/INSECURE MODE!
2012-01-24 16:37:10 [WARNING] The server will make no attempt to authenticate usernames. Beware.
2012-01-24 16:37:10 [WARNING] While this makes the game possible to play without internet access, it also opens up the ability for hackers to connect with any username they choose.
2012-01-24 16:37:10 [WARNING] To change this, set "online-mode" to "true" in the server.settings file.
2012-01-24 16:37:10 [INFO] Preparing level "world"
2012-01-24 16:37:10 [INFO] Default game type: 0
2012-01-24 16:37:10 [INFO] Preparing start region for level 0
2012-01-24 16:37:11 [INFO] Preparing spawn area: 12%
2012-01-24 16:37:12 [INFO] Preparing spawn area: 24%
2012-01-24 16:37:13 [INFO] Preparing spawn area: 36%
2012-01-24 16:37:14 [INFO] Preparing spawn area: 52%
2012-01-24 16:37:15 [INFO] Preparing spawn area: 65%
2012-01-24 16:37:16 [INFO] Preparing spawn area: 73%
2012-01-24 16:37:17 [INFO] Preparing spawn area: 85%
2012-01-24 16:37:18 [INFO] Preparing spawn area: 93%
2012-01-24 16:37:18 [INFO] Done (8667809035ns)! For help, type "help" or "?"
2012-01-24 16:37:35 [INFO] Player994 [/127.0.0.1:56297] logged in with entity id 6216 at (-437.5, 69.62000000476837, -1428.5)
2012-01-24 16:37:56 [INFO] Player994 lost connection: disconnect.genericReason
2012-01-24 16:38:08 [INFO] Unknown console command. Type "help" for help.
2012-01-24 16:38:08 [INFO] Unknown console command. Type "help" for help.
2012-01-24 16:38:08 [INFO] Unknown console command. Type "help" for help.
2012-01-24 16:38:09 [INFO] Unknown console command. Type "help" for help.
2012-01-24 16:38:12 [INFO] [CONSOLE] wassup
